#------------------------------------------------------------------------------
# irace: An implementation in R of (Elitist) Iterated Racing
# Version: 3.5.6863679
# Copyright (C) 2010-2020
# Manuel Lopez-Ibanez     <manuel.lopez-ibanez@manchester.ac.uk>
# Jeremie Dubois-Lacoste  
# Leslie Perez Caceres    <leslie.perez.caceres@ulb.ac.be>
#
# This is free software, and you are welcome to redistribute it under certain
# conditions.  See the GNU General Public License for details. There is NO
# WARRANTY; not even for MERCHANTABILITY or FITNESS FOR A PARTICULAR PURPOSE.
#
# irace builds upon previous code from the race package:
#     race: Racing methods for the selection of the best
#     Copyright (C) 2003 Mauro Birattari
#------------------------------------------------------------------------------
# installed at: /home/mateus/R/x86_64-pc-linux-gnu-library/4.2/irace
# called with: 
== irace == WARNING: A default scenario file '/home/mateus/METAHEURISTICAS/SSP/tuning/scenario.txt' has been found and will be read.
# 2025-01-11 18:38:14 -03: Initialization
# Elitist race
# Elitist new instances: 1
# Elitist limit: 2
# nbIterations: 4
# minNbSurvival: 4
# nbParameters: 7
# seed: 1829520724
# confidence level: 0.95
# budget: 8448
# mu: 5
# deterministic: FALSE

# 2025-01-11 18:38:14 -03: Iteration 1 of 4
# experimentsUsedSoFar: 0
# remainingBudget: 8448
# currentBudget: 2112
# nbConfigurations: 352
# Markers:
     x No test is performed.
     c Configurations are discarded only due to capping.
     - The test is performed and some configurations are discarded.
     = The test is performed but no configuration is discarded.
     ! The test is performed and configurations could be discarded but elite configurations are preserved.
     . All alive configurations are elite and nothing is discarded

+-+-----------+-----------+-----------+----------------+-----------+--------+-----+----+------+
| |   Instance|      Alive|       Best|       Mean best| Exp so far|  W time|  rho|KenW|  Qvar|
+-+-----------+-----------+-----------+----------------+-----------+--------+-----+----+------+
|x|          1|        352|         51|    -1183.000000|        352|00:02:59|   NA|  NA|    NA|
|x|          2|        352|         51|    -3320.500000|        704|00:52:27|+0.83|0.92|0.1998|
|x|          3|        352|         70|    -3869.000000|       1056|00:38:34|+0.87|0.92|0.1424|
|x|          4|        352|        342|    -3639.750000|       1408|00:16:54|+0.89|0.92|0.1226|
|-|          5|         57|        342|    -3479.200000|       1760|00:18:50|+0.10|0.28|0.8996|
|-|          6|         30|        342|    -3372.166667|       1817|00:04:00|-0.08|0.10|1.0309|
|=|          7|         30|        342|    -3318.714286|       1847|00:02:02|-0.06|0.09|1.0187|
|=|          8|         30|        342|    -3592.000000|       1877|00:06:14|-0.06|0.07|1.0149|
+-+-----------+-----------+-----------+----------------+-----------+--------+-----+----+------+
Best-so-far configuration:         342    mean value:     -3592.000000
Description of the best-so-far configuration:
    .ID. tempInit tempFim mcl tempDist movimentType initialSolution proporsaoTempUpdate .PARENT.
342  342     0.01     0.5 500        3            1               0                   5       NA

# 2025-01-11 21:00:20 -03: Elite configurations (first number is the configuration ID; listed from best to worst according to the sum of ranks):
    tempInit tempFim mcl tempDist movimentType initialSolution proporsaoTempUpdate
342     0.01     0.5 500        3            1               0                   5
70       0.1       1 500        3            1               1                   5
122      0.2       1 500        1            1               0                   5
67       0.2       5 500        3            1               0                   3
# 2025-01-11 21:00:20 -03: Iteration 2 of 4
# experimentsUsedSoFar: 1877
# remainingBudget: 6571
# currentBudget: 2190
# nbConfigurations: 246
# Markers:
     x No test is performed.
     c Configurations are discarded only due to capping.
     - The test is performed and some configurations are discarded.
     = The test is performed but no configuration is discarded.
     ! The test is performed and configurations could be discarded but elite configurations are preserved.
     . All alive configurations are elite and nothing is discarded

+-+-----------+-----------+-----------+----------------+-----------+--------+-----+----+------+
| |   Instance|      Alive|       Best|       Mean best| Exp so far|  W time|  rho|KenW|  Qvar|
+-+-----------+-----------+-----------+----------------+-----------+--------+-----+----+------+
|x|          9|        246|        459|    -1181.000000|        246|00:02:18|   NA|  NA|    NA|
|x|          3|        246|        493|    -3032.500000|        488|00:29:09|+0.85|0.93|0.1680|
|x|          8|        246|        509|    -3852.666667|        730|00:39:43|+0.88|0.92|0.1209|
|x|          1|        246|        509|    -3183.750000|        972|00:02:15|+0.87|0.90|0.1400|
|-|          7|         41|        509|    -3152.800000|       1214|00:12:52|-0.09|0.13|1.0633|
|=|          4|         41|        509|    -3127.833333|       1251|00:02:30|-0.06|0.12|1.0316|
|=|          5|         41|        509|    -3086.857143|       1288|00:02:50|-0.03|0.12|0.9959|
|=|          2|         41|        509|    -3375.375000|       1325|00:07:41|-0.02|0.11|0.9771|
|=|          6|         41|        586|    -3326.888889|       1362|00:02:51|-0.01|0.10|0.9583|
|=|         10|         41|        586|    -3487.400000|       1403|00:06:21|-0.02|0.08|0.9672|
+-+-----------+-----------+-----------+----------------+-----------+--------+-----+----+------+
Best-so-far configuration:         586    mean value:     -3487.400000
Description of the best-so-far configuration:
    .ID. tempInit tempFim mcl tempDist movimentType initialSolution proporsaoTempUpdate .PARENT.
586  586     0.01       5 500        2            1               1                   3      342

# 2025-01-11 22:48:55 -03: Elite configurations (first number is the configuration ID; listed from best to worst according to the sum of ranks):
    tempInit tempFim mcl tempDist movimentType initialSolution proporsaoTempUpdate
586     0.01       5 500        2            1               1                   3
417     0.01       1 500        4            1               1                   4
70       0.1       1 500        3            1               1                   5
509      0.1     0.5 500        4            1               0                   4
# 2025-01-11 22:48:55 -03: Iteration 3 of 4
# experimentsUsedSoFar: 3280
# remainingBudget: 5168
# currentBudget: 2584
# nbConfigurations: 238
# Markers:
     x No test is performed.
     c Configurations are discarded only due to capping.
     - The test is performed and some configurations are discarded.
     = The test is performed but no configuration is discarded.
     ! The test is performed and configurations could be discarded but elite configurations are preserved.
     . All alive configurations are elite and nothing is discarded

+-+-----------+-----------+-----------+----------------+-----------+--------+-----+----+------+
| |   Instance|      Alive|       Best|       Mean best| Exp so far|  W time|  rho|KenW|  Qvar|
+-+-----------+-----------+-----------+----------------+-----------+--------+-----+----+------+
|x|         11|        238|        760|    -3140.000000|        238|00:13:35|   NA|  NA|    NA|
|x|          8|        238|        720|    -4361.500000|        472|00:40:57|+0.84|0.92|0.0583|
|x|          2|        238|        704|    -4670.000000|        706|00:41:02|+0.84|0.89|0.0450|
|x|          3|        238|        804|    -4732.250000|        940|00:30:16|+0.84|0.88|0.0432|
|-|          5|         74|        720|    -4378.400000|       1174|00:14:52|-0.16|0.07|1.1265|
|=|         10|         74|        804|    -4445.333333|       1244|00:10:51|-0.09|0.09|1.0674|
|=|          9|         74|        687|    -3964.857143|       1314|00:00:50|-0.08|0.08|1.0539|
|=|          7|         74|        779|    -3856.625000|       1384|00:04:48|-0.06|0.07|1.0423|
|=|          1|         74|        779|    -3557.777778|       1454|00:00:49|-0.05|0.07|1.0279|
|=|          4|         74|        605|    -3501.300000|       1524|00:04:48|-0.03|0.07|1.0158|
|=|          6|         74|        702|    -3445.363636|       1594|00:05:23|-0.02|0.07|1.0076|
|=|         12|         74|        702|    -3566.083333|       1668|00:11:25|-0.03|0.06|1.0088|
+-+-----------+-----------+-----------+----------------+-----------+--------+-----+----+------+
Best-so-far configuration:         702    mean value:     -3566.083333
Description of the best-so-far configuration:
    .ID. tempInit tempFim mcl tempDist movimentType initialSolution proporsaoTempUpdate .PARENT.
702  702     0.01     0.5 500        3            1               0                   4      586

# 2025-01-12 01:48:37 -03: Elite configurations (first number is the configuration ID; listed from best to worst according to the sum of ranks):
    tempInit tempFim mcl tempDist movimentType initialSolution proporsaoTempUpdate
702     0.01     0.5 500        3            1               0                   4
605      0.2     0.5 500        2            1               1                   3
417     0.01       1 500        4            1               1                   4
788      0.1       1 500        4            1               1                   4
# 2025-01-12 01:48:37 -03: Iteration 4 of 4
# experimentsUsedSoFar: 4948
# remainingBudget: 3500
# currentBudget: 3500
# nbConfigurations: 272
# Markers:
     x No test is performed.
     c Configurations are discarded only due to capping.
     - The test is performed and some configurations are discarded.
     = The test is performed but no configuration is discarded.
     ! The test is performed and configurations could be discarded but elite configurations are preserved.
     . All alive configurations are elite and nothing is discarded

+-+-----------+-----------+-----------+----------------+-----------+--------+-----+----+------+
| |   Instance|      Alive|       Best|       Mean best| Exp so far|  W time|  rho|KenW|  Qvar|
+-+-----------+-----------+-----------+----------------+-----------+--------+-----+----+------+
|x|         13|        272|       1051|    -1191.000000|        272|00:02:50|   NA|  NA|    NA|
|x|          8|        272|        874|    -3347.500000|        540|00:49:10|+0.67|0.83|0.1313|
|x|          7|        272|        878|    -3254.000000|        808|00:15:59|+0.71|0.81|0.1004|
|x|         10|        272|        878|    -3657.500000|       1076|00:36:12|+0.73|0.80|0.0864|
|-|          5|         79|        878|    -3495.600000|       1344|00:17:48|-0.15|0.08|1.1105|
|=|          3|         79|        980|    -3750.000000|       1419|00:11:35|-0.10|0.09|1.0701|
|=|          1|         79|        988|    -3367.428571|       1494|00:00:53|-0.07|0.08|1.0536|
|=|          9|         79|        988|    -3092.125000|       1569|00:00:53|-0.06|0.07|1.0373|
|=|          4|         79|        895|    -3084.555556|       1644|00:05:07|-0.05|0.07|1.0282|
|=|         11|         79|        878|    -3086.400000|       1719|00:05:09|-0.04|0.07|1.0175|
|=|          2|         79|        878|    -3303.636364|       1794|00:15:47|-0.02|0.07|1.0050|
|=|          6|         79|       1095|    -3258.500000|       1869|00:05:44|-0.01|0.07|0.9954|
|=|         12|         79|       1095|    -3381.769231|       1944|00:11:40|-0.00|0.07|0.9864|
|=|         14|         79|       1095|    -3533.500000|       2023|00:16:35|+0.01|0.08|0.9768|
+-+-----------+-----------+-----------+----------------+-----------+--------+-----+----+------+
Best-so-far configuration:        1095    mean value:     -3533.500000
Description of the best-so-far configuration:
     .ID. tempInit tempFim mcl tempDist movimentType initialSolution proporsaoTempUpdate .PARENT.
1095 1095     0.01     0.5 500        3            1               0                   4      702

# 2025-01-12 05:04:08 -03: Elite configurations (first number is the configuration ID; listed from best to worst according to the sum of ranks):
    tempInit tempFim mcl tempDist movimentType initialSolution proporsaoTempUpdate
988     0.01       1 500        3            1               1                   3
878     0.01       1 500        4            1               0                   5
895      0.2     0.5 500        4            1               1                   3
702     0.01     0.5 500        3            1               0                   4
# 2025-01-12 05:04:08 -03: Iteration 5 of 5
# experimentsUsedSoFar: 6971
# remainingBudget: 1477
# currentBudget: 1477
# nbConfigurations: 102
# Markers:
     x No test is performed.
     c Configurations are discarded only due to capping.
     - The test is performed and some configurations are discarded.
     = The test is performed but no configuration is discarded.
     ! The test is performed and configurations could be discarded but elite configurations are preserved.
     . All alive configurations are elite and nothing is discarded

+-+-----------+-----------+-----------+----------------+-----------+--------+-----+----+------+
| |   Instance|      Alive|       Best|       Mean best| Exp so far|  W time|  rho|KenW|  Qvar|
+-+-----------+-----------+-----------+----------------+-----------+--------+-----+----+------+
|x|         15|        102|       1162|    -2889.000000|        102|00:06:36|   NA|  NA|    NA|
|x|          3|        102|       1169|    -3931.500000|        200|00:12:47|+0.79|0.90|0.0565|
|x|         12|        102|       1169|    -4266.000000|        298|00:12:48|+0.81|0.87|0.0416|
|x|          8|        102|       1169|    -4556.750000|        396|00:17:21|+0.82|0.86|0.0388|
|-|          4|         21|       1169|    -4254.200000|        494|00:05:40|-0.13|0.09|1.0789|
|=|         11|         21|       1169|    -4063.666667|        511|00:01:10|-0.05|0.13|0.9809|
|=|         13|         21|       1169|    -3649.000000|        528|00:00:12|-0.06|0.09|0.9964|
|=|          2|         21|       1169|    -3874.250000|        545|00:03:34|-0.06|0.08|0.9885|
|=|         14|         21|        878|    -4035.777778|        562|00:03:34|-0.02|0.10|0.9581|
|=|          1|         21|       1169|    -3758.200000|        579|00:00:12|-0.03|0.07|0.9767|
|=|          7|         21|        878|    -3686.636364|        596|00:01:16|-0.02|0.07|0.9776|
|=|          6|         21|       1169|    -3622.166667|        613|00:01:19|-0.01|0.08|0.9620|
|=|          9|         21|       1169|    -3433.769231|        630|00:00:12|-0.02|0.06|0.9706|
|=|         10|         21|       1169|    -3532.642857|        647|00:02:37|-0.03|0.05|0.9775|
|=|          5|         21|       1169|    -3485.866667|        664|00:01:18|-0.01|0.05|0.9642|
|=|         16|         21|       1169|    -3341.937500|        685|00:00:15|-0.01|0.05|0.9646|
+-+-----------+-----------+-----------+----------------+-----------+--------+-----+----+------+
Best-so-far configuration:        1169    mean value:     -3341.937500
Description of the best-so-far configuration:
     .ID. tempInit tempFim mcl tempDist movimentType initialSolution proporsaoTempUpdate .PARENT.
1169 1169      0.1       1 500        3            1               1                   4      988

# 2025-01-12 06:15:07 -03: Elite configurations (first number is the configuration ID; listed from best to worst according to the sum of ranks):
     tempInit tempFim mcl tempDist movimentType initialSolution proporsaoTempUpdate
1169      0.1       1 500        3            1               1                   4
895       0.2     0.5 500        4            1               1                   3
988      0.01       1 500        3            1               1                   3
702      0.01     0.5 500        3            1               0                   4
# 2025-01-12 06:15:07 -03: Iteration 6 of 6
# experimentsUsedSoFar: 7656
# remainingBudget: 792
# currentBudget: 792
# nbConfigurations: 50
# Markers:
     x No test is performed.
     c Configurations are discarded only due to capping.
     - The test is performed and some configurations are discarded.
     = The test is performed but no configuration is discarded.
     ! The test is performed and configurations could be discarded but elite configurations are preserved.
     . All alive configurations are elite and nothing is discarded

+-+-----------+-----------+-----------+----------------+-----------+--------+-----+----+------+
| |   Instance|      Alive|       Best|       Mean best| Exp so far|  W time|  rho|KenW|  Qvar|
+-+-----------+-----------+-----------+----------------+-----------+--------+-----+----+------+
|x|         17|         50|       1200|    -5036.000000|         50|00:07:03|   NA|  NA|    NA|
|x|          2|         50|       1237|    -5253.500000|         96|00:08:42|+0.74|0.87|0.0582|
|x|          7|         50|       1200|    -4509.666667|        142|00:02:50|+0.63|0.76|0.1072|
|x|          4|         50|       1195|    -4120.500000|        188|00:02:52|+0.59|0.70|0.1146|
|-|         12|         25|       1195|    -4264.800000|        234|00:06:28|-0.09|0.13|1.0481|
|=|          1|         25|       1195|    -3749.666667|        255|00:00:15|-0.05|0.12|1.0114|
|=|          6|         25|       1169|    -3625.857143|        276|00:01:39|-0.02|0.13|0.9810|
|=|          3|         25|       1169|    -3796.500000|        297|00:03:16|+0.02|0.14|0.9507|
|=|         14|         25|       1169|    -3976.555556|        318|00:04:24|+0.04|0.15|0.9310|
|=|         15|         25|       1169|    -3866.100000|        339|00:01:37|+0.02|0.12|0.9407|
|=|         11|         25|       1169|    -3797.454545|        360|00:01:26|+0.05|0.13|0.9161|
|=|          8|         25|       1169|    -3933.416667|        381|00:04:25|+0.05|0.12|0.9202|
|-|          5|         12|       1169|    -3848.615385|        402|00:01:36|-0.02|0.06|0.9477|
|=|         10|         12|       1169|    -3917.857143|        410|00:01:14|-0.04|0.04|0.9576|
|=|         16|         12|       1169|    -3735.533333|        418|00:00:05|-0.04|0.03|0.9519|
|=|          9|         12|       1169|    -3575.375000|        426|00:00:05|-0.02|0.04|0.9415|
|=|         13|         12|       1169|    -3433.352941|        434|00:00:05|-0.02|0.04|0.9328|
|=|         18|         12|       1169|    -3399.666667|        446|00:00:54|-0.01|0.04|0.9284|
+-+-----------+-----------+-----------+----------------+-----------+--------+-----+----+------+
Best-so-far configuration:        1169    mean value:     -3399.666667
Description of the best-so-far configuration:
     .ID. tempInit tempFim mcl tempDist movimentType initialSolution proporsaoTempUpdate .PARENT.
1169 1169      0.1       1 500        3            1               1                   4      988

# 2025-01-12 07:04:13 -03: Elite configurations (first number is the configuration ID; listed from best to worst according to the sum of ranks):
     tempInit tempFim mcl tempDist movimentType initialSolution proporsaoTempUpdate
1169      0.1       1 500        3            1               1                   4
1195     0.01     0.5 500        3            1               1                   4
1237      0.2       1 500        4            1               1                   3
988      0.01       1 500        3            1               1                   3
# 2025-01-12 07:04:13 -03: Iteration 7 of 7
# experimentsUsedSoFar: 8102
# remainingBudget: 346
# currentBudget: 346
# nbConfigurations: 22
# Markers:
     x No test is performed.
     c Configurations are discarded only due to capping.
     - The test is performed and some configurations are discarded.
     = The test is performed but no configuration is discarded.
     ! The test is performed and configurations could be discarded but elite configurations are preserved.
     . All alive configurations are elite and nothing is discarded

+-+-----------+-----------+-----------+----------------+-----------+--------+-----+----+------+
| |   Instance|      Alive|       Best|       Mean best| Exp so far|  W time|  rho|KenW|  Qvar|
+-+-----------+-----------+-----------+----------------+-----------+--------+-----+----+------+
|x|         19|         22|       1251|    -5532.000000|         22|00:04:23|   NA|  NA|    NA|
|x|         17|         22|       1244|    -5238.500000|         40|00:02:38|+0.40|0.70|0.0807|
|x|          2|         22|       1255|    -5285.000000|         58|00:03:31|+0.53|0.69|0.0710|
|x|          1|         22|       1244|    -4274.000000|         76|00:00:12|+0.48|0.61|0.1984|
|-|         16|         12|       1237|    -3635.000000|         94|00:00:12|-0.10|0.12|1.0187|
|=|         10|         12|       1237|    -3847.000000|        102|00:01:13|-0.09|0.09|0.9926|
|=|          9|         12|       1237|    -3464.714286|        110|00:00:05|-0.05|0.10|0.9493|
|=|          6|         12|       1237|    -3388.375000|        118|00:00:36|-0.03|0.10|0.9341|
|=|          8|         12|       1195|    -3613.111111|        126|00:01:40|-0.01|0.10|0.9222|
|=|          5|         12|       1195|    -3540.000000|        134|00:00:36|+0.02|0.12|0.8865|
|=|         11|         12|       1195|    -3491.727273|        142|00:00:32|+0.00|0.10|0.8933|
|=|         18|         12|       1195|    -3436.833333|        150|00:00:36|+0.01|0.09|0.9000|
|=|         12|         12|       1237|    -3542.769231|        158|00:01:13|+0.01|0.08|0.8952|
|=|         14|         12|       1195|    -3680.071429|        166|00:01:39|-0.01|0.06|0.9110|
|=|          7|         12|       1195|    -3640.600000|        174|00:00:32|-0.00|0.07|0.9041|
|=|          3|         12|       1195|    -3721.250000|        182|00:01:15|+0.01|0.07|0.8971|
|=|         13|         12|       1195|    -3571.058824|        190|00:00:05|+0.02|0.08|0.8910|
|=|          4|         12|       1195|    -3542.666667|        198|00:00:32|+0.03|0.08|0.8885|
|=|         15|         12|       1195|    -3503.105263|        206|00:00:36|+0.01|0.06|0.9014|
|=|         20|         12|       1195|    -3476.050000|        218|00:00:49|+0.01|0.05|0.9055|
+-+-----------+-----------+-----------+----------------+-----------+--------+-----+----+------+
Best-so-far configuration:        1195    mean value:     -3476.050000
Description of the best-so-far configuration:
     .ID. tempInit tempFim mcl tempDist movimentType initialSolution proporsaoTempUpdate .PARENT.
1195 1195     0.01     0.5 500        3            1               1                   4      702

# 2025-01-12 07:27:19 -03: Elite configurations (first number is the configuration ID; listed from best to worst according to the sum of ranks):
     tempInit tempFim mcl tempDist movimentType initialSolution proporsaoTempUpdate
1195     0.01     0.5 500        3            1               1                   4
1169      0.1       1 500        3            1               1                   4
988      0.01       1 500        3            1               1                   3
1237      0.2       1 500        4            1               1                   3
# 2025-01-12 07:27:19 -03: Iteration 8 of 8
# experimentsUsedSoFar: 8320
# remainingBudget: 128
# currentBudget: 128
# nbConfigurations: 9
# Markers:
     x No test is performed.
     c Configurations are discarded only due to capping.
     - The test is performed and some configurations are discarded.
     = The test is performed but no configuration is discarded.
     ! The test is performed and configurations could be discarded but elite configurations are preserved.
     . All alive configurations are elite and nothing is discarded

+-+-----------+-----------+-----------+----------------+-----------+--------+-----+----+------+
| |   Instance|      Alive|       Best|       Mean best| Exp so far|  W time|  rho|KenW|  Qvar|
+-+-----------+-----------+-----------+----------------+-----------+--------+-----+----+------+
|x|         21|          9|       1260|    -3069.000000|          9|00:00:36|   NA|  NA|    NA|
|x|         12|          9|       1260|    -4003.000000|         14|00:00:46|+0.67|0.83|0.2936|
|x|         13|          9|       1260|    -3059.666667|         19|00:00:03|+0.23|0.48|0.6925|
|x|         19|          9|       1260|    -3681.000000|         24|00:01:03|+0.05|0.29|0.8678|
|=|          7|          9|       1260|    -3540.000000|         29|00:00:20|-0.08|0.14|0.9140|
|=|         16|          9|       1260|    -3145.666667|         34|00:00:03|-0.07|0.11|0.9414|
|=|          4|          9|       1260|    -3108.714286|         39|00:00:20|-0.09|0.07|0.9559|
|=|          5|          9|       1195|    -3090.250000|         44|00:00:23|-0.07|0.06|0.9291|
|=|         20|          9|       1260|    -3076.666667|         49|00:00:20|-0.05|0.07|0.9172|
|=|         17|          9|       1260|    -3260.900000|         54|00:00:47|-0.03|0.07|0.8998|
|=|          8|          9|       1260|    -3463.545455|         59|00:01:03|-0.03|0.06|0.9085|
|=|         11|          9|       1260|    -3425.166667|         64|00:00:20|-0.03|0.05|0.9053|
|=|         15|          9|       1260|    -3377.461538|         69|00:00:22|-0.02|0.06|0.8924|
|=|         14|          9|       1260|    -3522.142857|         74|00:01:02|+0.01|0.08|0.8761|
|=|          6|          9|       1169|    -3477.333333|         79|00:00:23|+0.02|0.08|0.8740|
|=|         18|          9|       1169|    -3436.687500|         84|00:00:22|+0.01|0.07|0.8842|
|=|          2|          9|       1169|    -3555.176471|         89|00:01:02|+0.02|0.07|0.8770|
|=|         10|          9|       1237|    -3614.666667|         94|00:00:46|+0.01|0.07|0.8859|
|=|          9|          9|       1237|    -3486.052632|         99|00:00:03|+0.00|0.05|0.8940|
|=|          1|          9|       1237|    -3370.600000|        104|00:00:03|+0.01|0.06|0.8927|
|=|          3|          9|       1169|    -3456.714286|        109|00:00:46|+0.02|0.06|0.8827|
|=|         22|          9|       1169|    -3352.772727|        118|00:00:06|+0.00|0.05|0.8900|
+-+-----------+-----------+-----------+----------------+-----------+--------+-----+----+------+
Best-so-far configuration:        1169    mean value:     -3352.772727
Description of the best-so-far configuration:
     .ID. tempInit tempFim mcl tempDist movimentType initialSolution proporsaoTempUpdate .PARENT.
1169 1169      0.1       1 500        3            1               1                   4      988

# 2025-01-12 07:38:31 -03: Elite configurations (first number is the configuration ID; listed from best to worst according to the sum of ranks):
     tempInit tempFim mcl tempDist movimentType initialSolution proporsaoTempUpdate
1169      0.1       1 500        3            1               1                   4
1237      0.2       1 500        4            1               1                   3
1195     0.01     0.5 500        3            1               1                   4
988      0.01       1 500        3            1               1                   3
# 2025-01-12 07:38:31 -03: Stopped because there is not enough budget left to race more than the minimum (4)
# You may either increase the budget or set 'minNbSurvival' to a lower value
# Iteration: 9
# nbIterations: 9
# experimentsUsedSoFar: 8438
# timeUsed: 0
# remainingBudget: 10
# currentBudget: 10
# number of elites: 4
# nbConfigurations: 4
# Total CPU user time: 546183.3, CPU sys time: 12372.16, Wall-clock time: 46816.29
# Best configurations (first number is the configuration ID; listed from best to worst according to the sum of ranks):
     tempInit tempFim mcl tempDist movimentType initialSolution proporsaoTempUpdate
1169      0.1       1 500        3            1               1                   4
1237      0.2       1 500        4            1               1                   3
1195     0.01     0.5 500        3            1               1                   4
988      0.01       1 500        3            1               1                   3
# Best configurations as commandlines (first number is the configuration ID; same order as above):
1169  --TEMP_INIT 0.1 --TEMP_FIM 1 --MCL 500 --TEMP_DIST 3 --TYPE_UPDATE 1 --INIT_SOL_TYPE 1 --PTL_TEMP_UPDATE_PROPORTION 4
1237  --TEMP_INIT 0.2 --TEMP_FIM 1 --MCL 500 --TEMP_DIST 4 --TYPE_UPDATE 1 --INIT_SOL_TYPE 1 --PTL_TEMP_UPDATE_PROPORTION 3
1195  --TEMP_INIT 0.01 --TEMP_FIM 0.5 --MCL 500 --TEMP_DIST 3 --TYPE_UPDATE 1 --INIT_SOL_TYPE 1 --PTL_TEMP_UPDATE_PROPORTION 4
988   --TEMP_INIT 0.01 --TEMP_FIM 1 --MCL 500 --TEMP_DIST 3 --TYPE_UPDATE 1 --INIT_SOL_TYPE 1 --PTL_TEMP_UPDATE_PROPORTION 3


# Testing of elite configurations: 1 
# Testing iteration configurations: FALSE 
# 2025-01-12 07:38:31 -03: No test instances, skip testing
